<?xml version="1.0" encoding="UTF-8"?>
<!-- Generated by org.testng.reporters.JUnitReportReporter -->
<testsuite skipped="0" hostname="64d2e4bc8d4e" name="com.searchmodule.tests.SearchTest" tests="1" failures="0" timestamp="26 Oct 2020 15:13:11 GMT" time="14.827" errors="0">
  <testcase name="search" time="14.827" classname="com.searchmodule.tests.SearchTest"/>
</testsuite> <!-- com.searchmodule.tests.SearchTest -->
