<?xml version="1.0" encoding="UTF-8"?>
<!-- Generated by org.testng.reporters.JUnitReportReporter -->
<testsuite skipped="0" hostname="1952dc9aa5aa" name="com.newtours.tests.BookFlightTest" tests="20" failures="0" timestamp="26 Oct 2020 15:13:30 GMT" time="68.308" errors="0">
  <testcase name="findFlightPage" time="1.301" classname="com.newtours.tests.BookFlightTest"/>
  <testcase name="registrationConfirmationPage" time="0.967" classname="com.newtours.tests.BookFlightTest"/>
  <testcase name="registrationConfirmationPage" time="1.786" classname="com.newtours.tests.BookFlightTest"/>
  <testcase name="flightDetailsPage" time="2.004" classname="com.newtours.tests.BookFlightTest"/>
  <testcase name="registrationPage" time="15.860" classname="com.newtours.tests.BookFlightTest"/>
  <testcase name="registrationPage" time="10.176" classname="com.newtours.tests.BookFlightTest"/>
  <testcase name="flightConfirmationPage" time="1.583" classname="com.newtours.tests.BookFlightTest"/>
  <testcase name="flightConfirmationPage" time="0.853" classname="com.newtours.tests.BookFlightTest"/>
  <testcase name="registrationPage" time="7.721" classname="com.newtours.tests.BookFlightTest"/>
  <testcase name="registrationPage" time="10.120" classname="com.newtours.tests.BookFlightTest"/>
  <testcase name="flightConfirmationPage" time="0.730" classname="com.newtours.tests.BookFlightTest"/>
  <testcase name="registrationConfirmationPage" time="1.413" classname="com.newtours.tests.BookFlightTest"/>
  <testcase name="findFlightPage" time="1.197" classname="com.newtours.tests.BookFlightTest"/>
  <testcase name="findFlightPage" time="2.136" classname="com.newtours.tests.BookFlightTest"/>
  <testcase name="flightDetailsPage" time="1.918" classname="com.newtours.tests.BookFlightTest"/>
  <testcase name="findFlightPage" time="0.918" classname="com.newtours.tests.BookFlightTest"/>
  <testcase name="flightDetailsPage" time="2.970" classname="com.newtours.tests.BookFlightTest"/>
  <testcase name="flightDetailsPage" time="2.568" classname="com.newtours.tests.BookFlightTest"/>
  <testcase name="flightConfirmationPage" time="1.718" classname="com.newtours.tests.BookFlightTest"/>
  <testcase name="registrationConfirmationPage" time="0.369" classname="com.newtours.tests.BookFlightTest"/>
</testsuite> <!-- com.newtours.tests.BookFlightTest -->
