<?xml version="1.0" encoding="UTF-8"?>
<!-- Generated by org.testng.reporters.JUnitReportReporter -->
<testsuite skipped="0" hostname="2016e1c0a23c" name="com.searchmodule.tests.SearchTest" tests="1" failures="0" timestamp="26 Oct 2020 12:29:55 GMT" time="4.069" errors="0">
  <testcase name="search" time="4.069" classname="com.searchmodule.tests.SearchTest"/>
</testsuite> <!-- com.searchmodule.tests.SearchTest -->
