<?xml version="1.0" encoding="UTF-8"?>
<!-- Generated by org.testng.reporters.JUnitReportReporter -->
<testsuite skipped="0" hostname="4512a7b27a4a" name="com.searchmodule.tests.SearchTest" tests="1" failures="0" timestamp="26 Oct 2020 15:12:52 GMT" time="15.566" errors="0">
  <testcase name="search" time="15.566" classname="com.searchmodule.tests.SearchTest"/>
</testsuite> <!-- com.searchmodule.tests.SearchTest -->
